<?xml version="1.0" encoding="UTF-8"?>
<testsuite xmlns:xsi="http://www.w3.org/2001/XMLSchema-instance" xsi:noNamespaceSchemaLocation="https://maven.apache.org/surefire/maven-surefire-plugin/xsd/surefire-test-report.xsd" name="TestSuite" time="212.887" tests="19" errors="0" skipped="0" failures="0">
  <properties>
    <property name="sun.desktop" value="gnome"/>
    <property name="awt.toolkit" value="sun.awt.X11.XToolkit"/>
    <property name="java.specification.version" value="11"/>
    <property name="sun.cpu.isalist" value=""/>
    <property name="sun.jnu.encoding" value="UTF-8"/>
    <property name="java.class.path" value="/usr/share/maven/boot/plexus-classworlds-2.x.jar"/>
    <property name="java.vm.vendor" value="Ubuntu"/>
    <property name="sun.arch.data.model" value="64"/>
    <property name="java.vendor.url" value="https://ubuntu.com/"/>
    <property name="user.timezone" value="Asia/Kolkata"/>
    <property name="maven.conf" value="/usr/share/maven/conf"/>
    <property name="os.name" value="Linux"/>
    <property name="java.vm.specification.version" value="11"/>
    <property name="sun.java.launcher" value="SUN_STANDARD"/>
    <property name="user.country" value="IN"/>
    <property name="sun.boot.library.path" value="/usr/lib/jvm/java-11-openjdk-amd64/lib"/>
    <property name="sun.java.command" value="org.codehaus.plexus.classworlds.launcher.Launcher test"/>
    <property name="jdk.debug" value="release"/>
    <property name="maven.home" value="/usr/share/maven"/>
    <property name="sun.cpu.endian" value="little"/>
    <property name="user.home" value="/home/administrator"/>
    <property name="user.language" value="en"/>
    <property name="java.specification.vendor" value="Oracle Corporation"/>
    <property name="java.version.date" value="2025-04-15"/>
    <property name="java.home" value="/usr/lib/jvm/java-11-openjdk-amd64"/>
    <property name="file.separator" value="/"/>
    <property name="java.vm.compressedOopsMode" value="Zero based"/>
    <property name="line.separator" value="&#10;"/>
    <property name="java.specification.name" value="Java Platform API Specification"/>
    <property name="java.vm.specification.vendor" value="Oracle Corporation"/>
    <property name="java.awt.graphicsenv" value="sun.awt.X11GraphicsEnvironment"/>
    <property name="sun.management.compiler" value="HotSpot 64-Bit Tiered Compilers"/>
    <property name="java.runtime.version" value="11.0.27+6-post-Ubuntu-0ubuntu120.04"/>
    <property name="user.name" value="administrator"/>
    <property name="path.separator" value=":"/>
    <property name="securerandom.source" value="file:/dev/./urandom"/>
    <property name="os.version" value="5.15.0-139-generic"/>
    <property name="java.runtime.name" value="OpenJDK Runtime Environment"/>
    <property name="file.encoding" value="UTF-8"/>
    <property name="guice.disable.misplaced.annotation.check" value="true"/>
    <property name="java.vm.name" value="OpenJDK 64-Bit Server VM"/>
    <property name="java.vendor.url.bug" value="https://bugs.launchpad.net/ubuntu/+source/openjdk-lts"/>
    <property name="java.io.tmpdir" value="/tmp"/>
    <property name="java.version" value="11.0.27"/>
    <property name="user.dir" value="/home/administrator/RestAPI/API-Testing"/>
    <property name="os.arch" value="amd64"/>
    <property name="maven.multiModuleProjectDirectory" value="/home/administrator/RestAPI/API-Testing"/>
    <property name="java.vm.specification.name" value="Java Virtual Machine Specification"/>
    <property name="java.awt.printerjob" value="sun.print.PSPrinterJob"/>
    <property name="sun.os.patch.level" value="unknown"/>
    <property name="java.library.path" value="/usr/java/packages/lib:/usr/lib/x86_64-linux-gnu/jni:/lib/x86_64-linux-gnu:/usr/lib/x86_64-linux-gnu:/usr/lib/jni:/lib:/usr/lib"/>
    <property name="java.vm.info" value="mixed mode, sharing"/>
    <property name="java.vendor" value="Ubuntu"/>
    <property name="java.vm.version" value="11.0.27+6-post-Ubuntu-0ubuntu120.04"/>
    <property name="java.specification.maintenance.version" value="3"/>
    <property name="classworlds.conf" value="/usr/share/maven/bin/m2.conf"/>
    <property name="sun.io.unicode.encoding" value="UnicodeLittle"/>
    <property name="library.jansi.path" value="/usr/share/maven/lib/jansi-native"/>
    <property name="java.class.version" value="55.0"/>
  </properties>
  <testcase name="getAuthToken" classname="com.api.testing.main.AppiumAutomationAPI" time="16.517"/>
  <testcase name="getUserInfo" classname="com.api.testing.main.AppiumAutomationAPI" time="0.365"/>
  <testcase name="getAvailableDeviceList" classname="com.api.testing.main.AppiumAutomationAPI" time="0.89"/>
  <testcase name="bookDeviceForAppium" classname="com.api.testing.main.AppiumAutomationAPI" time="2.332"/>
  <testcase name="startStreamer" classname="com.api.testing.main.AppiumAutomationAPI" time="25.458"/>
  <testcase name="unlockIOSDevice" classname="com.api.testing.main.AppiumAutomationAPI" time="5.268"/>
  <testcase name="getAvailableApps" classname="com.api.testing.main.AppiumAutomationAPI" time="1.526"/>
  <testcase name="installApp" classname="com.api.testing.main.AppiumAutomationAPI" time="4.841"/>
  <testcase name="startAutomation" classname="com.api.testing.main.AppiumAutomationAPI" time="19.13"/>
  <testcase name="captureDeviceScreenshot" classname="com.api.testing.main.AppiumAutomationAPI" time="5.868"/>
  <testcase name="getPlayerType" classname="com.api.testing.main.AppiumAutomationAPI" time="0.27"/>
  <testcase name="startDeviceService" classname="com.api.testing.main.AppiumAutomationAPI" time="15.291"/>
  <testcase name="getAppiumEndpoint" classname="com.api.testing.main.AppiumAutomationAPI" time="5.237"/>
  <testcase name="getAppiumReportFolder" classname="com.api.testing.main.AppiumAutomationAPI" time="0.227"/>
  <testcase name="getShareableReportLink" classname="com.api.testing.main.AppiumAutomationAPI" time="3.87"/>
  <testcase name="downloadManualAccessData" classname="com.api.testing.main.AppiumAutomationAPI" time="0.207"/>
  <testcase name="downloadFile" classname="com.api.testing.main.AppiumAutomationAPI" time="0.282"/>
  <testcase name="getAvailableAppiumVersion" classname="com.api.testing.main.AppiumAutomationAPI" time="0.181"/>
  <testcase name="releaseAppiumDevice" classname="com.api.testing.main.AppiumAutomationAPI" time="4.4"/>
</testsuite>