<?xml version="1.0" encoding="UTF-8"?>
<!-- Generated by org.testng.reporters.JUnitReportReporter -->
<testsuite hostname="satyamkumar-pc" failures="0" tests="7" name="com.api.testing.main.AppInstrument" time="91.992" errors="0" timestamp="27 Jun 2025 09:29:56 GMT" skipped="0">
  <testcase classname="com.api.testing.main.AppInstrument" name="getAuthToken" time="6.963"/>
  <testcase classname="com.api.testing.main.AppInstrument" name="getAvailableApps" time="11.895"/>
  <testcase classname="com.api.testing.main.AppInstrument" name="initiateInstrumentationBiometric" time="1.373"/>
  <testcase classname="com.api.testing.main.AppInstrument" name="AppInstrumentProgress" time="20.407"/>
  <testcase classname="com.api.testing.main.AppInstrument" name="AppInstrumentProgress" time="10.439"/>
  <testcase classname="com.api.testing.main.AppInstrument" name="AppInstrumentProgress" time="25.473"/>
  <testcase classname="com.api.testing.main.AppInstrument" name="downloadInstrumentAPK" time="15.442"/>
</testsuite> <!-- com.api.testing.main.AppInstrument -->
