<?xml version="1.0" encoding="UTF-8"?>
<!-- Generated by org.testng.reporters.JUnitReportReporter -->
<testsuite hostname="satyamkumar-pc" failures="0" tests="1" name="com.api.testing.main.ManulifeAPI" time="62.998" errors="0" timestamp="05 Jul 2025 16:25:42 GMT" skipped="0">
  <testcase classname="com.api.testing.main.ManulifeAPI" name="runManulifeAPI" time="62.998"/>
</testsuite> <!-- com.api.testing.main.ManulifeAPI -->
