<?xml version="1.0" encoding="UTF-8"?>
<!-- Generated by org.testng.reporters.JUnitReportReporter -->
<testsuite hostname="satyamkumar-pc" failures="0" tests="5" name="com.api.testing.main.ResignIPA" time="31.629" errors="0" timestamp="07 Jul 2025 07:50:22 GMT" skipped="0">
  <testcase classname="com.api.testing.main.ResignIPA" name="getAuthToken" time="16.737"/>
  <testcase classname="com.api.testing.main.ResignIPA" name="getAvailableApps" time="11.934"/>
  <testcase classname="com.api.testing.main.ResignIPA" name="initiateResign" time="0.884"/>
  <testcase classname="com.api.testing.main.ResignIPA" name="resignProgress" time="0.488"/>
  <testcase classname="com.api.testing.main.ResignIPA" name="resignDownload" time="1.586"/>
</testsuite> <!-- com.api.testing.main.ResignIPA -->
