<?xml version="1.0" encoding="UTF-8"?>
<!-- Generated by org.testng.reporters.JUnitReportReporter -->
<testsuite hostname="satyamkumar-pc" failures="0" tests="16" name="com.api.testing.main.BiometricAppInstrument" time="308.406" errors="0" timestamp="05 Jul 2025 14:02:46 GMT" skipped="0">
  <testcase classname="com.api.testing.main.BiometricAppInstrument" name="getAuthToken" time="17.421"/>
  <testcase classname="com.api.testing.main.BiometricAppInstrument" name="getAvailableApps" time="14.105"/>
  <testcase classname="com.api.testing.main.BiometricAppInstrument" name="initiateInstrumentationBiometric" time="5.680"/>
  <testcase classname="com.api.testing.main.BiometricAppInstrument" name="AppInstrumentProgress" time="22.175"/>
  <testcase classname="com.api.testing.main.BiometricAppInstrument" name="AppInstrumentProgress" time="27.287"/>
  <testcase classname="com.api.testing.main.BiometricAppInstrument" name="AppInstrumentProgress" time="27.183"/>
  <testcase classname="com.api.testing.main.BiometricAppInstrument" name="downloadInstrumentAPK" time="29.591"/>
  <testcase classname="com.api.testing.main.BiometricAppInstrument" name="getDeviceList" time="17.359"/>
  <testcase classname="com.api.testing.main.BiometricAppInstrument" name="bookDevice" time="13.505"/>
  <testcase classname="com.api.testing.main.BiometricAppInstrument" name="getAppsList" time="2.507"/>
  <testcase classname="com.api.testing.main.BiometricAppInstrument" name="fetchAvailableApps" time="11.683"/>
  <testcase classname="com.api.testing.main.BiometricAppInstrument" name="installInstrumentedAPP" time="28.269"/>
  <testcase classname="com.api.testing.main.BiometricAppInstrument" name="fingerprintAuth" time="15.792"/>
  <testcase classname="com.api.testing.main.BiometricAppInstrument" name="fingerprintAuth" time="22.478"/>
  <testcase classname="com.api.testing.main.BiometricAppInstrument" name="fingerprintAuth" time="20.904"/>
  <testcase classname="com.api.testing.main.BiometricAppInstrument" name="releaseDevice" time="32.467"/>
</testsuite> <!-- com.api.testing.main.BiometricAppInstrument -->
