<?xml version="1.0" encoding="UTF-8"?>
<!-- Generated by org.testng.reporters.JUnitReportReporter -->
<testsuite hostname="satyamkumar-pc" failures="0" tests="4" name="com.api.testing.main.VisualOCR" time="19.827" errors="0" timestamp="05 Jul 2025 16:00:47 GMT" skipped="0">
  <testcase classname="com.api.testing.main.VisualOCR" name="testTextExist" time="3.382"/>
  <testcase classname="com.api.testing.main.VisualOCR" name="testTextCoordinates" time="3.264"/>
  <testcase classname="com.api.testing.main.VisualOCR" name="testGetAllOcrText" time="6.737"/>
  <testcase classname="com.api.testing.main.VisualOCR" name="testCompareImages" time="6.444"/>
</testsuite> <!-- com.api.testing.main.VisualOCR -->
