<?xml version="1.0" encoding="UTF-8"?>
<!-- Generated by org.testng.reporters.JUnitReportReporter -->
<testsuite hostname="satyamkumar-pc" failures="0" tests="1" name="com.api.testing.main.ManulifeAPI" time="49.402" errors="0" timestamp="16 Sep 2025 07:36:43 GMT" skipped="0">
  <testcase classname="com.api.testing.main.ManulifeAPI" name="runManulifeAPI" time="49.402"/>
</testsuite> <!-- com.api.testing.main.ManulifeAPI -->
