<?xml version="1.0" encoding="UTF-8"?>
<!-- Generated by org.testng.reporters.JUnitReportReporter -->
<testsuite hostname="satyamkumar-pc" failures="0" tests="6" name="com.api.testing.main.XCUITestAPI" time="29.852" errors="0" timestamp="16 Sep 2025 07:50:44 GMT" skipped="0">
  <testcase classname="com.api.testing.main.XCUITestAPI" name="getAuthToken" time="16.275"/>
  <testcase classname="com.api.testing.main.XCUITestAPI" name="getDeviceList" time="10.830"/>
  <testcase classname="com.api.testing.main.XCUITestAPI" name="bookDevice" time="0.341"/>
  <testcase classname="com.api.testing.main.XCUITestAPI" name="getAvailableApps" time="0.441"/>
  <testcase classname="com.api.testing.main.XCUITestAPI" name="startXCTestAutomation" time="1.799"/>
  <testcase classname="com.api.testing.main.XCUITestAPI" name="xcTestStartDeviceService" time="0.166"/>
</testsuite> <!-- com.api.testing.main.XCUITestAPI -->
