<?xml version="1.0" encoding="UTF-8"?>
<!-- Generated by org.testng.reporters.JUnitReportReporter -->
<testsuite hostname="satyamkumar-pc" failures="0" tests="1" name="com.api.testing.main.Runner" time="12.723" errors="0" timestamp="16 Sep 2025 11:53:30 GMT" skipped="0">
  <testcase classname="com.api.testing.main.Runner" name="androidAPITest" time="12.723"/>
</testsuite> <!-- com.api.testing.main.Runner -->
