<?xml version="1.0" encoding="UTF-8"?>
<!-- Generated by org.testng.reporters.JUnitReportReporter -->
<testsuite hostname="satyamkumar-pc" failures="0" tests="5" name="com.api.testing.main.ResignIPA" time="28.037" errors="0" timestamp="16 Sep 2025 07:42:03 GMT" skipped="0">
  <testcase classname="com.api.testing.main.ResignIPA" name="getAuthToken" time="16.185"/>
  <testcase classname="com.api.testing.main.ResignIPA" name="getAvailableApps" time="10.877"/>
  <testcase classname="com.api.testing.main.ResignIPA" name="initiateResign" time="0.439"/>
  <testcase classname="com.api.testing.main.ResignIPA" name="resignProgress" time="0.228"/>
  <testcase classname="com.api.testing.main.ResignIPA" name="resignDownload" time="0.308"/>
</testsuite> <!-- com.api.testing.main.ResignIPA -->
