<?xml version="1.0" encoding="UTF-8"?>
<!-- Generated by org.testng.reporters.JUnitReportReporter -->
<testsuite hostname="satyamkumar-pc" failures="0" tests="8" name="com.api.testing.main.XCUITestAPI" time="32.564" errors="0" timestamp="02 Jul 2025 10:04:30 GMT" skipped="0">
  <testcase classname="com.api.testing.main.XCUITestAPI" name="getAuthToken" time="7.116"/>
  <testcase classname="com.api.testing.main.XCUITestAPI" name="getDeviceList" time="11.256"/>
  <testcase classname="com.api.testing.main.XCUITestAPI" name="bookDevice" time="0.568"/>
  <testcase classname="com.api.testing.main.XCUITestAPI" name="getAvailableApps" time="0.291"/>
  <testcase classname="com.api.testing.main.XCUITestAPI" name="startXCTestAutomation" time="2.565"/>
  <testcase classname="com.api.testing.main.XCUITestAPI" name="xcTestStartDeviceService" time="0.269"/>
  <testcase classname="com.api.testing.main.XCUITestAPI" name="releaseXCTestDevice" time="0.270"/>
  <testcase classname="com.api.testing.main.XCUITestAPI" name="xcTestShareableReportLink" time="10.229"/>
</testsuite> <!-- com.api.testing.main.XCUITestAPI -->
