<?xml version="1.0" encoding="UTF-8"?>
<!-- Generated by org.testng.reporters.JUnitReportReporter -->
<testsuite hostname="satyamkumar-pc" failures="0" tests="4" name="com.api.testing.main.VisualOCR" time="40.119" errors="0" timestamp="16 Sep 2025 07:46:53 GMT" skipped="0">
  <testcase classname="com.api.testing.main.VisualOCR" name="testTextExist" time="13.231"/>
  <testcase classname="com.api.testing.main.VisualOCR" name="testTextCoordinates" time="2.875"/>
  <testcase classname="com.api.testing.main.VisualOCR" name="testGetAllOcrText" time="13.200"/>
  <testcase classname="com.api.testing.main.VisualOCR" name="testCompareImages" time="10.813"/>
</testsuite> <!-- com.api.testing.main.VisualOCR -->
