<?xml version="1.0" encoding="UTF-8"?>
<!-- Generated by org.testng.reporters.JUnitReportReporter -->
<testsuite hostname="satyamkumar-pc" failures="0" tests="19" name="com.api.testing.main.AppiumAutomationAPI" time="83.571" errors="0" timestamp="05 Jul 2025 16:14:16 GMT" skipped="0">
  <testcase classname="com.api.testing.main.AppiumAutomationAPI" name="getAuthToken" time="12.142"/>
  <testcase classname="com.api.testing.main.AppiumAutomationAPI" name="getUserInfo" time="5.276"/>
  <testcase classname="com.api.testing.main.AppiumAutomationAPI" name="getAvailableDeviceList" time="1.739"/>
  <testcase classname="com.api.testing.main.AppiumAutomationAPI" name="bookDeviceForAppium" time="2.401"/>
  <testcase classname="com.api.testing.main.AppiumAutomationAPI" name="startStreamer" time="0.230"/>
  <testcase classname="com.api.testing.main.AppiumAutomationAPI" name="unlockIOSDevice" time="0.161"/>
  <testcase classname="com.api.testing.main.AppiumAutomationAPI" name="getAvailableApps" time="1.029"/>
  <testcase classname="com.api.testing.main.AppiumAutomationAPI" name="installApp" time="7.388"/>
  <testcase classname="com.api.testing.main.AppiumAutomationAPI" name="startAutomation" time="8.970"/>
  <testcase classname="com.api.testing.main.AppiumAutomationAPI" name="captureDeviceScreenshot" time="11.154"/>
  <testcase classname="com.api.testing.main.AppiumAutomationAPI" name="getPlayerType" time="5.170"/>
  <testcase classname="com.api.testing.main.AppiumAutomationAPI" name="startDeviceService" time="15.516"/>
  <testcase classname="com.api.testing.main.AppiumAutomationAPI" name="getAppiumEndpoint" time="5.150"/>
  <testcase classname="com.api.testing.main.AppiumAutomationAPI" name="getAppiumReportFolder" time="0.183"/>
  <testcase classname="com.api.testing.main.AppiumAutomationAPI" name="getShareableReportLink" time="0.235"/>
  <testcase classname="com.api.testing.main.AppiumAutomationAPI" name="downloadManualAccessData" time="0.162"/>
  <testcase classname="com.api.testing.main.AppiumAutomationAPI" name="downloadFile" time="0.151"/>
  <testcase classname="com.api.testing.main.AppiumAutomationAPI" name="getAvailableAppiumVersion" time="0.186"/>
  <testcase classname="com.api.testing.main.AppiumAutomationAPI" name="releaseAppiumDevice" time="6.328"/>
</testsuite> <!-- com.api.testing.main.AppiumAutomationAPI -->
