<?xml version="1.0" encoding="UTF-8"?>
<!-- Generated by org.testng.reporters.JUnitReportReporter -->
<testsuite hostname="satyamkumar-pc" failures="0" tests="1" name="com.api.testing.main.NetworkSimulation" time="29.499" errors="0" timestamp="14 Jun 2025 14:00:33 GMT" skipped="0">
  <testcase classname="com.api.testing.main.NetworkSimulation" name="NetworkSimulationAPI" time="29.499"/>
</testsuite> <!-- com.api.testing.main.NetworkSimulation -->
