<?xml version="1.0" encoding="UTF-8"?>
<!-- Generated by org.testng.reporters.JUnitReportReporter -->
<testsuite hostname="satyamkumar-pc" failures="0" tests="1" name="com.api.testing.main.NetworkSimulation" time="28.867" errors="0" timestamp="16 Sep 2025 07:38:47 GMT" skipped="0">
  <testcase classname="com.api.testing.main.NetworkSimulation" name="NetworkSimulationAPI" time="28.867"/>
</testsuite> <!-- com.api.testing.main.NetworkSimulation -->
