<?xml version="1.0" encoding="UTF-8"?>
<!-- Generated by org.testng.reporters.JUnitReportReporter -->
<testsuite hostname="satyamkumar-pc" failures="0" tests="1" name="com.api.testing.main.AppInstrument" time="7.444" errors="0" timestamp="28 May 2025 06:26:50 GMT" skipped="0">
  <testcase classname="com.api.testing.main.AppInstrument" name="getAuthToken" time="7.444"/>
</testsuite> <!-- com.api.testing.main.AppInstrument -->
