<?xml version="1.0" encoding="UTF-8"?>
<!-- Generated by org.testng.reporters.JUnitReportReporter -->
<testsuite hostname="satyamkumar-pc" failures="0" tests="1" name="com.api.testing.main.VisualOCR" time="76.677" errors="0" timestamp="14 Jun 2025 16:10:15 GMT" skipped="0">
  <testcase classname="com.api.testing.main.VisualOCR" name="visualOCR" time="76.677"/>
</testsuite> <!-- com.api.testing.main.VisualOCR -->
