<?xml version="1.0" encoding="UTF-8"?>
<!-- Generated by org.testng.reporters.JUnitReportReporter -->
<testsuite hostname="satyamkumar-pc" failures="0" tests="16" name="com.api.testing.main.InstrumentAppInjection" time="250.401" errors="0" timestamp="05 Jul 2025 14:12:00 GMT" skipped="0">
  <testcase classname="com.api.testing.main.InstrumentAppInjection" name="getAuthToken" time="17.020"/>
  <testcase classname="com.api.testing.main.InstrumentAppInjection" name="getAvailableApps" time="12.073"/>
  <testcase classname="com.api.testing.main.InstrumentAppInjection" name="initiateInstrumentationImageinject" time="9.823"/>
  <testcase classname="com.api.testing.main.InstrumentAppInjection" name="AppInstrumentProgress" time="21.496"/>
  <testcase classname="com.api.testing.main.InstrumentAppInjection" name="AppInstrumentProgress" time="26.660"/>
  <testcase classname="com.api.testing.main.InstrumentAppInjection" name="AppInstrumentProgress" time="26.802"/>
  <testcase classname="com.api.testing.main.InstrumentAppInjection" name="downloadInstrumentAPK" time="32.550"/>
  <testcase classname="com.api.testing.main.InstrumentAppInjection" name="getDeviceList" time="15.876"/>
  <testcase classname="com.api.testing.main.InstrumentAppInjection" name="bookDevice" time="12.661"/>
  <testcase classname="com.api.testing.main.InstrumentAppInjection" name="getAppsList" time="1.360"/>
  <testcase classname="com.api.testing.main.InstrumentAppInjection" name="fetchAvailableApps" time="1.056"/>
  <testcase classname="com.api.testing.main.InstrumentAppInjection" name="installInstrumentedAPP" time="21.569"/>
  <testcase classname="com.api.testing.main.InstrumentAppInjection" name="imageInjection" time="10.918"/>
  <testcase classname="com.api.testing.main.InstrumentAppInjection" name="imageInjection" time="15.799"/>
  <testcase classname="com.api.testing.main.InstrumentAppInjection" name="imageInjection" time="0.695"/>
  <testcase classname="com.api.testing.main.InstrumentAppInjection" name="releaseDevice" time="24.043"/>
</testsuite> <!-- com.api.testing.main.InstrumentAppInjection -->
