<?xml version="1.0" encoding="UTF-8"?>
<!-- Generated by org.testng.reporters.JUnitReportReporter -->
<testsuite hostname="satyamkumar-pc" failures="0" tests="16" name="com.api.testing.main.BiometricAppInstrument" time="224.698" errors="0" timestamp="16 Sep 2025 06:15:11 GMT" skipped="0">
  <testcase classname="com.api.testing.main.BiometricAppInstrument" name="getAuthToken" time="17.568"/>
  <testcase classname="com.api.testing.main.BiometricAppInstrument" name="getAvailableApps" time="11.964"/>
  <testcase classname="com.api.testing.main.BiometricAppInstrument" name="initiateInstrumentationBiometric" time="6.183"/>
  <testcase classname="com.api.testing.main.BiometricAppInstrument" name="AppInstrumentProgress" time="27.419"/>
  <testcase classname="com.api.testing.main.BiometricAppInstrument" name="AppInstrumentProgress" time="22.582"/>
  <testcase classname="com.api.testing.main.BiometricAppInstrument" name="AppInstrumentProgress" time="22.431"/>
  <testcase classname="com.api.testing.main.BiometricAppInstrument" name="downloadInstrumentAPK" time="28.197"/>
  <testcase classname="com.api.testing.main.BiometricAppInstrument" name="getDeviceList" time="1.282"/>
  <testcase classname="com.api.testing.main.BiometricAppInstrument" name="bookDevice" time="1.919"/>
  <testcase classname="com.api.testing.main.BiometricAppInstrument" name="getAppsList" time="1.237"/>
  <testcase classname="com.api.testing.main.BiometricAppInstrument" name="fetchAvailableApps" time="1.081"/>
  <testcase classname="com.api.testing.main.BiometricAppInstrument" name="installInstrumentedAPP" time="12.498"/>
  <testcase classname="com.api.testing.main.BiometricAppInstrument" name="fingerprintAuth" time="11.559"/>
  <testcase classname="com.api.testing.main.BiometricAppInstrument" name="fingerprintAuth" time="16.484"/>
  <testcase classname="com.api.testing.main.BiometricAppInstrument" name="fingerprintAuth" time="21.549"/>
  <testcase classname="com.api.testing.main.BiometricAppInstrument" name="releaseDevice" time="20.745"/>
</testsuite> <!-- com.api.testing.main.BiometricAppInstrument -->
