<?xml version="1.0" encoding="UTF-8"?>
<!-- Generated by org.testng.reporters.JUnitReportReporter -->
<testsuite hostname="satyamkumar-pc" failures="0" tests="1" name="com.api.testing.main.ManulifeAPI" time="137.956" errors="0" timestamp="14 Jun 2025 14:44:34 GMT" skipped="0">
  <testcase classname="com.api.testing.main.ManulifeAPI" name="runManulifeAPI" time="137.956"/>
</testsuite> <!-- com.api.testing.main.ManulifeAPI -->
