<?xml version="1.0" encoding="UTF-8"?>
<!-- Generated by org.testng.reporters.JUnitReportReporter -->
<testsuite hostname="administrator-HP-EliteBook-840-G5" failures="0" tests="1" name="com.api.testing.main.Runner" time="8.540" errors="0" timestamp="10 Apr 2025 14:46:01 GMT" skipped="0">
  <testcase classname="com.api.testing.main.Runner" name="androidAPITest" time="8.540"/>
</testsuite> <!-- com.api.testing.main.Runner -->
