<?xml version="1.0" encoding="UTF-8"?>
<!-- Generated by org.testng.reporters.JUnitReportReporter -->
<testsuite hostname="satyamkumar-pc" failures="0" tests="1" name="com.api.testing.main.NetworkSimulation" time="31.408" errors="0" timestamp="05 Jul 2025 15:51:27 GMT" skipped="0">
  <testcase classname="com.api.testing.main.NetworkSimulation" name="NetworkSimulationAPI" time="31.408"/>
</testsuite> <!-- com.api.testing.main.NetworkSimulation -->
