<?xml version="1.0" encoding="UTF-8"?>
<!-- Generated by org.testng.reporters.JUnitReportReporter -->
<testsuite hostname="satyamkumar-pc" failures="0" tests="16" name="com.api.testing.main.InstrumentAppInjection" time="223.291" errors="0" timestamp="16 Sep 2025 06:19:30 GMT" skipped="0">
  <testcase classname="com.api.testing.main.InstrumentAppInjection" name="getAuthToken" time="17.784"/>
  <testcase classname="com.api.testing.main.InstrumentAppInjection" name="getAvailableApps" time="12.591"/>
  <testcase classname="com.api.testing.main.InstrumentAppInjection" name="initiateInstrumentationImageinject" time="7.793"/>
  <testcase classname="com.api.testing.main.InstrumentAppInjection" name="AppInstrumentProgress" time="22.628"/>
  <testcase classname="com.api.testing.main.InstrumentAppInjection" name="AppInstrumentProgress" time="27.567"/>
  <testcase classname="com.api.testing.main.InstrumentAppInjection" name="AppInstrumentProgress" time="27.584"/>
  <testcase classname="com.api.testing.main.InstrumentAppInjection" name="downloadInstrumentAPK" time="34.603"/>
  <testcase classname="com.api.testing.main.InstrumentAppInjection" name="getDeviceList" time="16.126"/>
  <testcase classname="com.api.testing.main.InstrumentAppInjection" name="bookDevice" time="12.159"/>
  <testcase classname="com.api.testing.main.InstrumentAppInjection" name="getAppsList" time="1.271"/>
  <testcase classname="com.api.testing.main.InstrumentAppInjection" name="fetchAvailableApps" time="1.120"/>
  <testcase classname="com.api.testing.main.InstrumentAppInjection" name="installInstrumentedAPP" time="3.181"/>
  <testcase classname="com.api.testing.main.InstrumentAppInjection" name="imageInjection" time="11.002"/>
  <testcase classname="com.api.testing.main.InstrumentAppInjection" name="imageInjection" time="1.195"/>
  <testcase classname="com.api.testing.main.InstrumentAppInjection" name="imageInjection" time="6.128"/>
  <testcase classname="com.api.testing.main.InstrumentAppInjection" name="releaseDevice" time="20.559"/>
</testsuite> <!-- com.api.testing.main.InstrumentAppInjection -->
