<?xml version="1.0" encoding="UTF-8"?>
<!-- Generated by org.testng.reporters.JUnitReportReporter -->
<testsuite hostname="satyamkumar-pc" failures="0" tests="21" name="com.api.testing.main.AppiumAutomationAPI" time="136.915" errors="0" timestamp="16 Sep 2025 07:34:56 GMT" skipped="0">
  <testcase classname="com.api.testing.main.AppiumAutomationAPI" name="getAuthToken" time="18.596"/>
  <testcase classname="com.api.testing.main.AppiumAutomationAPI" name="getUserInfo" time="10.504"/>
  <testcase classname="com.api.testing.main.AppiumAutomationAPI" name="getAvailableDeviceList" time="1.270"/>
  <testcase classname="com.api.testing.main.AppiumAutomationAPI" name="bookDeviceForAppium" time="0.302"/>
  <testcase classname="com.api.testing.main.AppiumAutomationAPI" name="startStreamer" time="0.245"/>
  <testcase classname="com.api.testing.main.AppiumAutomationAPI" name="unlockIOSDevice" time="0.191"/>
  <testcase classname="com.api.testing.main.AppiumAutomationAPI" name="getAvailableApps" time="0.318"/>
  <testcase classname="com.api.testing.main.AppiumAutomationAPI" name="installApp" time="6.585"/>
  <testcase classname="com.api.testing.main.AppiumAutomationAPI" name="startAutomation" time="34.888"/>
  <testcase classname="com.api.testing.main.AppiumAutomationAPI" name="captureDeviceScreenshot" time="10.792"/>
  <testcase classname="com.api.testing.main.AppiumAutomationAPI" name="getPlayerType" time="5.243"/>
  <testcase classname="com.api.testing.main.AppiumAutomationAPI" name="startDeviceService" time="25.322"/>
  <testcase classname="com.api.testing.main.AppiumAutomationAPI" name="getAppiumFileName" time="15.288"/>
  <testcase classname="com.api.testing.main.AppiumAutomationAPI" name="downloadAppiumPerformanceData" time="0.355"/>
  <testcase classname="com.api.testing.main.AppiumAutomationAPI" name="getAppiumEndpoint" time="0.182"/>
  <testcase classname="com.api.testing.main.AppiumAutomationAPI" name="getAppiumReportFolder" time="0.222"/>
  <testcase classname="com.api.testing.main.AppiumAutomationAPI" name="getShareableReportLink" time="0.283"/>
  <testcase classname="com.api.testing.main.AppiumAutomationAPI" name="downloadManualAccessData" time="0.222"/>
  <testcase classname="com.api.testing.main.AppiumAutomationAPI" name="downloadFile" time="0.194"/>
  <testcase classname="com.api.testing.main.AppiumAutomationAPI" name="getAvailableAppiumVersion" time="0.494"/>
  <testcase classname="com.api.testing.main.AppiumAutomationAPI" name="releaseAppiumDevice" time="5.419"/>
</testsuite> <!-- com.api.testing.main.AppiumAutomationAPI -->
